<?xml version="1.0" encoding="utf-8"?>
<TestRun id="aae4937d-876d-4bcb-b65f-d07a4ab836da" name="310091518@YY539580 2026-07-02 11:02:32" runUser="CODE1\310091518" xmlns="http://microsoft.com/schemas/VisualStudio/TeamTest/2010">
  <Times creation="2026-07-02T11:02:32.5900155+08:00" queuing="2026-07-02T11:02:32.5900161+08:00" start="2026-07-02T11:02:31.8088876+08:00" finish="2026-07-02T11:02:32.5940850+08:00" />
  <TestSettings name="default" id="1d37b570-00d9-4ba4-9677-8089140b6c3e">
    <Deployment runDeploymentRoot="310091518_YY539580_2026-07-02_11_02_32" />
  </TestSettings>
  <Results>
    <UnitTestResult executionId="ef071957-f7c8-4aff-ac12-f4c8d930ed85" testId="911456e2-b6ba-9f95-6442-801b27b70ad3" testName="NegativeWindowWidthIsRejected" computerName="YY539580" duration="00:00:00.0229250" startTime="2026-07-02T11:02:32.4428882+08:00" endTime="2026-07-02T11:02:32.4658129+08:00" testType="13cdc9d9-ddb5-4fa4-a97d-d965ccfc6d4b" outcome="Passed" testListId="8c84fa94-04c1-424b-9868-57a2d4851a1d" relativeResultsDirectory="ef071957-f7c8-4aff-ac12-f4c8d930ed85">
      <Output>
        <StdOut>Given a Window Width of -100 and a Window Center of 40&#xD;
-&gt; done: Task1Steps.GivenAWindowWidthAndCenter(-100, 40) (0.0s)&#xD;
When a WindowLevel is created with those values&#xD;
-&gt; done: Task1Steps.WhenAWindowLevelIsCreatedWithThoseValues() (0.0s)&#xD;
Then the creation fails with a validation error&#xD;
-&gt; done: Task1Steps.ThenTheCreationFailsWithAValidationError() (0.0s)</StdOut>
      </Output>
    </UnitTestResult>
    <UnitTestResult executionId="d50a3c34-9e0c-407b-bf23-911a09f6191d" testId="a6e45ad5-4131-1110-80cb-1be988dc4843" testName="DICOMDisplayTagConstantsMapToCorrectTagNumbers" computerName="YY539580" duration="00:00:00.0534010" startTime="2026-07-02T11:02:32.3881860+08:00" endTime="2026-07-02T11:02:32.4415111+08:00" testType="13cdc9d9-ddb5-4fa4-a97d-d965ccfc6d4b" outcome="Passed" testListId="8c84fa94-04c1-424b-9868-57a2d4851a1d" relativeResultsDirectory="d50a3c34-9e0c-407b-bf23-911a09f6191d">
      <Output>
        <StdOut>Given the DICOM display tag constants&#xD;
-&gt; done: Task1Steps.GivenTheDicomDisplayTagConstants() (0.0s)&#xD;
Then the WindowCenter constant maps to DICOM tag 0028,1050&#xD;
-&gt; done: Task1Steps.ThenTheWindowCenterConstantMapsToDicomTag00281050() (0.0s)&#xD;
And the WindowWidth constant maps to DICOM tag 0028,1051&#xD;
-&gt; done: Task1Steps.ThenTheWindowWidthConstantMapsToDicomTag00281051() (0.0s)&#xD;
And the WindowCenterWidthExplanation constant maps to DICOM tag 0028,1055&#xD;
-&gt; done: Task1Steps.ThenTheWindowCenterWidthExplanationConstantMapsToDicomTag00281055() (0.0s)</StdOut>
      </Output>
    </UnitTestResult>
    <UnitTestResult executionId="92abc586-e715-4131-9417-e0990d6274af" testId="fde737bc-ef60-6187-19fe-b104167a066e" testName="ZeroWindowWidthIsRejected" computerName="YY539580" duration="00:00:00.0009720" startTime="2026-07-02T11:02:32.4786915+08:00" endTime="2026-07-02T11:02:32.4796636+08:00" testType="13cdc9d9-ddb5-4fa4-a97d-d965ccfc6d4b" outcome="Passed" testListId="8c84fa94-04c1-424b-9868-57a2d4851a1d" relativeResultsDirectory="92abc586-e715-4131-9417-e0990d6274af">
      <Output>
        <StdOut>Given a Window Width of 0 and a Window Center of 40&#xD;
-&gt; done: Task1Steps.GivenAWindowWidthAndCenter(0, 40) (0.0s)&#xD;
When a WindowLevel is created with those values&#xD;
-&gt; done: Task1Steps.WhenAWindowLevelIsCreatedWithThoseValues() (0.0s)&#xD;
Then the creation fails with a validation error&#xD;
-&gt; done: Task1Steps.ThenTheCreationFailsWithAValidationError() (0.0s)</StdOut>
      </Output>
    </UnitTestResult>
    <UnitTestResult executionId="f5a88db0-f396-4ed3-8f5a-6ef4d7cb61c5" testId="34085d9d-2381-998e-1c46-fa91fcc1dffc" testName="ValidWindowWidthAndCenterCreateAWindowLevel" computerName="YY539580" duration="00:00:00.0078480" startTime="2026-07-02T11:02:32.4658642+08:00" endTime="2026-07-02T11:02:32.4737118+08:00" testType="13cdc9d9-ddb5-4fa4-a97d-d965ccfc6d4b" outcome="Passed" testListId="8c84fa94-04c1-424b-9868-57a2d4851a1d" relativeResultsDirectory="f5a88db0-f396-4ed3-8f5a-6ef4d7cb61c5">
      <Output>
        <StdOut>Given a Window Width of 400 and a Window Center of 40&#xD;
-&gt; done: Task1Steps.GivenAWindowWidthAndCenter(400, 40) (0.0s)&#xD;
When a WindowLevel is created with those values&#xD;
-&gt; done: Task1Steps.WhenAWindowLevelIsCreatedWithThoseValues() (0.0s)&#xD;
Then the WindowLevel has Width 400 and Center 40&#xD;
-&gt; done: Task1Steps.ThenTheWindowLevelHasWidthAndCenter(400, 40) (0.0s)</StdOut>
      </Output>
    </UnitTestResult>
    <UnitTestResult executionId="2e732987-ce73-4129-86ba-f41a56eabc87" testId="5e038bae-7185-df10-a8d6-a159a85b803e" testName="WindowLevelPreservesTheDICOMPresetName" computerName="YY539580" duration="00:00:00.0049150" startTime="2026-07-02T11:02:32.4737514+08:00" endTime="2026-07-02T11:02:32.4786666+08:00" testType="13cdc9d9-ddb5-4fa4-a97d-d965ccfc6d4b" outcome="Passed" testListId="8c84fa94-04c1-424b-9868-57a2d4851a1d" relativeResultsDirectory="2e732987-ce73-4129-86ba-f41a56eabc87">
      <Output>
        <StdOut>Given a Window Width of 400 and a Window Center of 40 with preset name "Soft Tissue"&#xD;
-&gt; done: Task1Steps.GivenAWindowWidthCenterAndPresetName(400, 40, "Soft Tissue") (0.0s)&#xD;
When a WindowLevel is created with those values and preset name&#xD;
-&gt; done: Task1Steps.WhenAWindowLevelIsCreatedWithThoseValuesAndPresetName() (0.0s)&#xD;
Then the WindowLevel preset name is "Soft Tissue"&#xD;
-&gt; done: Task1Steps.ThenTheWindowLevelPresetNameIs("Soft Tissue") (0.0s)</StdOut>
      </Output>
    </UnitTestResult>
  </Results>
  <TestDefinitions>
    <UnitTest name="ZeroWindowWidthIsRejected" storage="c:\work\code\git_code\harness_enhance\src\moduletests\wwwcreset\bin\debug\net8.0\philips.ct.host.imagedisplay.moduletests.dll" id="fde737bc-ef60-6187-19fe-b104167a066e">
      <Execution id="92abc586-e715-4131-9417-e0990d6274af" />
      <TestMethod codeBase="C:\Work\Code\Git_Code\Harness_Enhance\Src\ModuleTests\WwWcReset\bin\Debug\net8.0\Philips.CT.Host.ImageDisplay.ModuleTests.dll" adapterTypeName="executor://nunit3testexecutor/" className="Philips.CT.Host.ImageDisplay.ModuleTests.Features.DomainModelAndInterfaceContractsForWWWCResetFeature" name="ZeroWindowWidthIsRejected" />
    </UnitTest>
    <UnitTest name="ValidWindowWidthAndCenterCreateAWindowLevel" storage="c:\work\code\git_code\harness_enhance\src\moduletests\wwwcreset\bin\debug\net8.0\philips.ct.host.imagedisplay.moduletests.dll" id="34085d9d-2381-998e-1c46-fa91fcc1dffc">
      <Execution id="f5a88db0-f396-4ed3-8f5a-6ef4d7cb61c5" />
      <TestMethod codeBase="C:\Work\Code\Git_Code\Harness_Enhance\Src\ModuleTests\WwWcReset\bin\Debug\net8.0\Philips.CT.Host.ImageDisplay.ModuleTests.dll" adapterTypeName="executor://nunit3testexecutor/" className="Philips.CT.Host.ImageDisplay.ModuleTests.Features.DomainModelAndInterfaceContractsForWWWCResetFeature" name="ValidWindowWidthAndCenterCreateAWindowLevel" />
    </UnitTest>
    <UnitTest name="NegativeWindowWidthIsRejected" storage="c:\work\code\git_code\harness_enhance\src\moduletests\wwwcreset\bin\debug\net8.0\philips.ct.host.imagedisplay.moduletests.dll" id="911456e2-b6ba-9f95-6442-801b27b70ad3">
      <Execution id="ef071957-f7c8-4aff-ac12-f4c8d930ed85" />
      <TestMethod codeBase="C:\Work\Code\Git_Code\Harness_Enhance\Src\ModuleTests\WwWcReset\bin\Debug\net8.0\Philips.CT.Host.ImageDisplay.ModuleTests.dll" adapterTypeName="executor://nunit3testexecutor/" className="Philips.CT.Host.ImageDisplay.ModuleTests.Features.DomainModelAndInterfaceContractsForWWWCResetFeature" name="NegativeWindowWidthIsRejected" />
    </UnitTest>
    <UnitTest name="WindowLevelPreservesTheDICOMPresetName" storage="c:\work\code\git_code\harness_enhance\src\moduletests\wwwcreset\bin\debug\net8.0\philips.ct.host.imagedisplay.moduletests.dll" id="5e038bae-7185-df10-a8d6-a159a85b803e">
      <Execution id="2e732987-ce73-4129-86ba-f41a56eabc87" />
      <TestMethod codeBase="C:\Work\Code\Git_Code\Harness_Enhance\Src\ModuleTests\WwWcReset\bin\Debug\net8.0\Philips.CT.Host.ImageDisplay.ModuleTests.dll" adapterTypeName="executor://nunit3testexecutor/" className="Philips.CT.Host.ImageDisplay.ModuleTests.Features.DomainModelAndInterfaceContractsForWWWCResetFeature" name="WindowLevelPreservesTheDICOMPresetName" />
    </UnitTest>
    <UnitTest name="DICOMDisplayTagConstantsMapToCorrectTagNumbers" storage="c:\work\code\git_code\harness_enhance\src\moduletests\wwwcreset\bin\debug\net8.0\philips.ct.host.imagedisplay.moduletests.dll" id="a6e45ad5-4131-1110-80cb-1be988dc4843">
      <Execution id="d50a3c34-9e0c-407b-bf23-911a09f6191d" />
      <TestMethod codeBase="C:\Work\Code\Git_Code\Harness_Enhance\Src\ModuleTests\WwWcReset\bin\Debug\net8.0\Philips.CT.Host.ImageDisplay.ModuleTests.dll" adapterTypeName="executor://nunit3testexecutor/" className="Philips.CT.Host.ImageDisplay.ModuleTests.Features.DomainModelAndInterfaceContractsForWWWCResetFeature" name="DICOMDisplayTagConstantsMapToCorrectTagNumbers" />
    </UnitTest>
  </TestDefinitions>
  <TestEntries>
    <TestEntry testId="911456e2-b6ba-9f95-6442-801b27b70ad3" executionId="ef071957-f7c8-4aff-ac12-f4c8d930ed85" testListId="8c84fa94-04c1-424b-9868-57a2d4851a1d" />
    <TestEntry testId="a6e45ad5-4131-1110-80cb-1be988dc4843" executionId="d50a3c34-9e0c-407b-bf23-911a09f6191d" testListId="8c84fa94-04c1-424b-9868-57a2d4851a1d" />
    <TestEntry testId="fde737bc-ef60-6187-19fe-b104167a066e" executionId="92abc586-e715-4131-9417-e0990d6274af" testListId="8c84fa94-04c1-424b-9868-57a2d4851a1d" />
    <TestEntry testId="34085d9d-2381-998e-1c46-fa91fcc1dffc" executionId="f5a88db0-f396-4ed3-8f5a-6ef4d7cb61c5" testListId="8c84fa94-04c1-424b-9868-57a2d4851a1d" />
    <TestEntry testId="5e038bae-7185-df10-a8d6-a159a85b803e" executionId="2e732987-ce73-4129-86ba-f41a56eabc87" testListId="8c84fa94-04c1-424b-9868-57a2d4851a1d" />
  </TestEntries>
  <TestLists>
    <TestList name="Results Not in a List" id="8c84fa94-04c1-424b-9868-57a2d4851a1d" />
    <TestList name="All Loaded Results" id="19431567-8539-422a-85d7-44ee4e166bda" />
  </TestLists>
  <ResultSummary outcome="Completed">
    <Counters total="5" executed="5" passed="5" failed="0" error="0" timeout="0" aborted="0" inconclusive="0" passedButRunAborted="0" notRunnable="0" notExecuted="0" disconnected="0" warning="0" completed="0" inProgress="0" pending="0" />
    <Output>
      <StdOut>NUnit Adapter 4.5.0.0: Test execution started&#xD;
Running all tests in C:\Work\Code\Git_Code\Harness_Enhance\Src\ModuleTests\WwWcReset\bin\Debug\net8.0\Philips.CT.Host.ImageDisplay.ModuleTests.dll&#xD;
   NUnit3TestExecutor discovered 5 of 5 NUnit test cases using Current Discovery mode, Non-Explicit run&#xD;
NUnit Adapter 4.5.0.0: Test execution complete&#xD;
</StdOut>
    </Output>
    <RunInfos>
      <RunInfo computerName="YY539580" outcome="Warning" timestamp="2026-07-02T11:02:32.4569214+08:00">
        <Text>Given the DICOM display tag constants&#xD;
-&gt; done: Task1Steps.GivenTheDicomDisplayTagConstants() (0.0s)&#xD;
Then the WindowCenter constant maps to DICOM tag 0028,1050&#xD;
-&gt; done: Task1Steps.ThenTheWindowCenterConstantMapsToDicomTag00281050() (0.0s)&#xD;
And the WindowWidth constant maps to DICOM tag 0028,1051&#xD;
-&gt; done: Task1Steps.ThenTheWindowWidthConstantMapsToDicomTag00281051() (0.0s)&#xD;
And the WindowCenterWidthExplanation constant maps to DICOM tag 0028,1055&#xD;
-&gt; done: Task1Steps.ThenTheWindowCenterWidthExplanationConstantMapsToDicomTag00281055() (0.0s)&#xD;
</Text>
      </RunInfo>
      <RunInfo computerName="YY539580" outcome="Warning" timestamp="2026-07-02T11:02:32.4670091+08:00">
        <Text>Given a Window Width of -100 and a Window Center of 40&#xD;
-&gt; done: Task1Steps.GivenAWindowWidthAndCenter(-100, 40) (0.0s)&#xD;
When a WindowLevel is created with those values&#xD;
-&gt; done: Task1Steps.WhenAWindowLevelIsCreatedWithThoseValues() (0.0s)&#xD;
Then the creation fails with a validation error&#xD;
-&gt; done: Task1Steps.ThenTheCreationFailsWithAValidationError() (0.0s)&#xD;
</Text>
      </RunInfo>
      <RunInfo computerName="YY539580" outcome="Warning" timestamp="2026-07-02T11:02:32.4745898+08:00">
        <Text>Given a Window Width of 400 and a Window Center of 40&#xD;
-&gt; done: Task1Steps.GivenAWindowWidthAndCenter(400, 40) (0.0s)&#xD;
When a WindowLevel is created with those values&#xD;
-&gt; done: Task1Steps.WhenAWindowLevelIsCreatedWithThoseValues() (0.0s)&#xD;
Then the WindowLevel has Width 400 and Center 40&#xD;
-&gt; done: Task1Steps.ThenTheWindowLevelHasWidthAndCenter(400, 40) (0.0s)&#xD;
</Text>
      </RunInfo>
      <RunInfo computerName="YY539580" outcome="Warning" timestamp="2026-07-02T11:02:32.4792960+08:00">
        <Text>Given a Window Width of 400 and a Window Center of 40 with preset name "Soft Tissue"&#xD;
-&gt; done: Task1Steps.GivenAWindowWidthCenterAndPresetName(400, 40, "Soft Tissue") (0.0s)&#xD;
When a WindowLevel is created with those values and preset name&#xD;
-&gt; done: Task1Steps.WhenAWindowLevelIsCreatedWithThoseValuesAndPresetName() (0.0s)&#xD;
Then the WindowLevel preset name is "Soft Tissue"&#xD;
-&gt; done: Task1Steps.ThenTheWindowLevelPresetNameIs("Soft Tissue") (0.0s)&#xD;
</Text>
      </RunInfo>
      <RunInfo computerName="YY539580" outcome="Warning" timestamp="2026-07-02T11:02:32.4800951+08:00">
        <Text>Given a Window Width of 0 and a Window Center of 40&#xD;
-&gt; done: Task1Steps.GivenAWindowWidthAndCenter(0, 40) (0.0s)&#xD;
When a WindowLevel is created with those values&#xD;
-&gt; done: Task1Steps.WhenAWindowLevelIsCreatedWithThoseValues() (0.0s)&#xD;
Then the creation fails with a validation error&#xD;
-&gt; done: Task1Steps.ThenTheCreationFailsWithAValidationError() (0.0s)&#xD;
</Text>
      </RunInfo>
    </RunInfos>
  </ResultSummary>
</TestRun>